<?xml version="1.0" encoding="UTF-8"?>
<!-- Generated by org.testng.reporters.JUnitXMLReporter -->
<testsuite ignored="0" hostname="OPTISSD9" failures="0" tests="4" name="Default test" time="20.055" errors="0" timestamp="2021-10-07T19:37:04 IST">
  <testcase classname="testcases.Loginpage_Testcases" name="login" time="0.261"/>
  <testcase classname="testcases.Loginpage_Testcases" name="Verify_title" time="0.015"/>
  <testcase classname="testcases.Loginpage_Testcases" name="Verify_validation" time="0.064"/>
  <testcase classname="testcases.Loginpage_Testcases" name="verify_logo" time="0.029"/>
</testsuite> <!-- Default test -->
