<?xml version="1.0" encoding="UTF-8"?>
<testng-results ignored="0" total="4" passed="4" failed="0" skipped="0">
  <reporter-output>
  </reporter-output>
  <suite started-at="2021-10-07T19:36:44 IST" name="Default suite" finished-at="2021-10-07T19:37:04 IST" duration-ms="20055">
    <groups>
    </groups>
    <test started-at="2021-10-07T19:36:44 IST" name="Default test" finished-at="2021-10-07T19:37:04 IST" duration-ms="20055">
      <class name="testcases.Loginpage_Testcases">
        <test-method is-config="true" signature="initExtentreport()[pri:0, instance:testcases.Loginpage_Testcases@2145b572]" started-at="2021-10-07T19:36:44 IST" name="initExtentreport" finished-at="2021-10-07T19:36:44 IST" duration-ms="277" status="PASS">
          <reporter-output>
          </reporter-output>
        </test-method> <!-- initExtentreport -->
        <test-method is-config="true" signature="setup()[pri:0, instance:testcases.Loginpage_Testcases@2145b572]" started-at="2021-10-07T19:36:44 IST" name="setup" finished-at="2021-10-07T19:36:50 IST" duration-ms="5247" status="PASS">
          <reporter-output>
          </reporter-output>
        </test-method> <!-- setup -->
        <test-method signature="login()[pri:1, instance:testcases.Loginpage_Testcases@2145b572]" started-at="2021-10-07T19:36:50 IST" name="login" finished-at="2021-10-07T19:36:50 IST" duration-ms="261" status="PASS">
          <reporter-output>
          </reporter-output>
        </test-method> <!-- login -->
        <test-method is-config="true" signature="teardown()[pri:0, instance:testcases.Loginpage_Testcases@2145b572]" started-at="2021-10-07T19:36:50 IST" name="teardown" finished-at="2021-10-07T19:36:50 IST" duration-ms="300" status="PASS">
          <reporter-output>
          </reporter-output>
        </test-method> <!-- teardown -->
        <test-method is-config="true" signature="setup()[pri:0, instance:testcases.Loginpage_Testcases@2145b572]" started-at="2021-10-07T19:36:50 IST" name="setup" finished-at="2021-10-07T19:36:55 IST" duration-ms="4225" status="PASS">
          <reporter-output>
          </reporter-output>
        </test-method> <!-- setup -->
        <test-method signature="Verify_title()[pri:2, instance:testcases.Loginpage_Testcases@2145b572]" started-at="2021-10-07T19:36:55 IST" name="Verify_title" finished-at="2021-10-07T19:36:55 IST" duration-ms="15" status="PASS">
          <reporter-output>
          </reporter-output>
        </test-method> <!-- Verify_title -->
        <test-method is-config="true" signature="teardown()[pri:0, instance:testcases.Loginpage_Testcases@2145b572]" started-at="2021-10-07T19:36:55 IST" name="teardown" finished-at="2021-10-07T19:36:55 IST" duration-ms="230" status="PASS">
          <reporter-output>
          </reporter-output>
        </test-method> <!-- teardown -->
        <test-method is-config="true" signature="setup()[pri:0, instance:testcases.Loginpage_Testcases@2145b572]" started-at="2021-10-07T19:36:55 IST" name="setup" finished-at="2021-10-07T19:36:59 IST" duration-ms="4268" status="PASS">
          <reporter-output>
          </reporter-output>
        </test-method> <!-- setup -->
        <test-method signature="Verify_validation()[pri:3, instance:testcases.Loginpage_Testcases@2145b572]" started-at="2021-10-07T19:36:59 IST" name="Verify_validation" finished-at="2021-10-07T19:36:59 IST" duration-ms="64" status="PASS">
          <reporter-output>
          </reporter-output>
        </test-method> <!-- Verify_validation -->
        <test-method is-config="true" signature="teardown()[pri:0, instance:testcases.Loginpage_Testcases@2145b572]" started-at="2021-10-07T19:36:59 IST" name="teardown" finished-at="2021-10-07T19:36:59 IST" duration-ms="193" status="PASS">
          <reporter-output>
          </reporter-output>
        </test-method> <!-- teardown -->
        <test-method is-config="true" signature="setup()[pri:0, instance:testcases.Loginpage_Testcases@2145b572]" started-at="2021-10-07T19:36:59 IST" name="setup" finished-at="2021-10-07T19:37:04 IST" duration-ms="4333" status="PASS">
          <reporter-output>
          </reporter-output>
        </test-method> <!-- setup -->
        <test-method signature="verify_logo()[pri:4, instance:testcases.Loginpage_Testcases@2145b572]" started-at="2021-10-07T19:37:04 IST" name="verify_logo" finished-at="2021-10-07T19:37:04 IST" duration-ms="29" status="PASS">
          <reporter-output>
          </reporter-output>
        </test-method> <!-- verify_logo -->
        <test-method is-config="true" signature="teardown()[pri:0, instance:testcases.Loginpage_Testcases@2145b572]" started-at="2021-10-07T19:37:04 IST" name="teardown" finished-at="2021-10-07T19:37:04 IST" duration-ms="194" status="PASS">
          <reporter-output>
          </reporter-output>
        </test-method> <!-- teardown -->
        <test-method is-config="true" signature="flushextent()[pri:0, instance:testcases.Loginpage_Testcases@2145b572]" started-at="2021-10-07T19:37:04 IST" name="flushextent" finished-at="2021-10-07T19:37:04 IST" duration-ms="373" status="PASS">
          <reporter-output>
          </reporter-output>
        </test-method> <!-- flushextent -->
      </class> <!-- testcases.Loginpage_Testcases -->
    </test> <!-- Default test -->
  </suite> <!-- Default suite -->
</testng-results>
